<?xml version="1.0" encoding="UTF-8" ?>
<testsuite failures="0" time="1.143" errors="1" skipped="0" tests="1" name="TestUserDao">
  <properties>
[...]
</properties>
  <testcase time="1.143" classname="TestUserDao" name="test1">
    <error message="Error creating bean with name &apos;apiSwaggerConfig&apos;: Injection of autowired dependencies failed; nested exception is org.springframework.beans.factory.BeanCreationException: Could not autowire method: public void com.lh.demo.swagger.ApiSwaggerConfig.setSpringSwaggerConfig(com.mangofactory.swagger.configuration.SpringSwaggerConfig); nested exception is org.springframework.beans.factory.BeanCreationException: Error creating bean with name &apos;com.mangofactory.swagger.configuration.SpringSwaggerConfig&apos;: Injection of autowired dependencies failed; nested exception is org.springframework.beans.factory.BeanCreationException: Could not autowire field: private javax.servlet.ServletContext com.mangofactory.swagger.configuration.SpringSwaggerConfig.servletContext; nested exception is org.springframework.beans.factory.NoSuchBeanDefinitionException: No qualifying bean of type [javax.servlet.ServletContext] found for dependency: expected at least 1 bean which qualifies as autowire candidate for this dependency. Dependency annotations: {@org.springframework.beans.factory.annotation.Autowired(required=true)}" type="org.springframework.beans.factory.BeanCreationException">org.springframework.beans.factory.BeanCreationException: Error creating bean with name &apos;apiSwaggerConfig&apos;: Injection of autowired dependencies failed; nested exception is org.springframework.beans.factory.BeanCreationException: Could not autowire method: public void com.lh.demo.swagger.ApiSwaggerConfig.setSpringSwaggerConfig(com.mangofactory.swagger.configuration.SpringSwaggerConfig); nested exception is org.springframework.beans.factory.BeanCreationException: Error creating bean with name &apos;com.mangofactory.swagger.configuration.SpringSwaggerConfig&apos;: Injection of autowired dependencies failed; nested exception is org.springframework.beans.factory.BeanCreationException: Could not autowire field: private javax.servlet.ServletContext com.mangofactory.swagger.configuration.SpringSwaggerConfig.servletContext; nested exception is org.springframework.beans.factory.NoSuchBeanDefinitionException: No qualifying bean of type [javax.servlet.ServletContext] found for dependency: expected at least 1 bean which qualifies as autowire candidate for this dependency. Dependency annotations: {@org.springframework.beans.factory.annotation.Autowired(required=true)}
	at org.springframework.beans.factory.annotation.AutowiredAnnotationBeanPostProcessor.postProcessPropertyValues(AutowiredAnnotationBeanPostProcessor.java:292)
	at org.springframework.beans.factory.support.AbstractAutowireCapableBeanFactory.populateBean(AbstractAutowireCapableBeanFactory.java:1185)
	at org.springframework.beans.factory.support.AbstractAutowireCapableBeanFactory.doCreateBean(AbstractAutowireCapableBeanFactory.java:537)
	at org.springframework.beans.factory.support.AbstractAutowireCapableBeanFactory.createBean(AbstractAutowireCapableBeanFactory.java:475)
	at org.springframework.beans.factory.support.AbstractBeanFactory$1.getObject(AbstractBeanFactory.java:304)
	at org.springframework.beans.factory.support.DefaultSingletonBeanRegistry.getSingleton(DefaultSingletonBeanRegistry.java:228)
	at org.springframework.beans.factory.support.AbstractBeanFactory.doGetBean(AbstractBeanFactory.java:300)
	at org.springframework.beans.factory.support.AbstractBeanFactory.getBean(AbstractBeanFactory.java:195)
	at org.springframework.beans.factory.support.DefaultListableBeanFactory.preInstantiateSingletons(DefaultListableBeanFactory.java:700)
	at org.springframework.context.support.AbstractApplicationContext.finishBeanFactoryInitialization(AbstractApplicationContext.java:760)
	at org.springframework.context.support.AbstractApplicationContext.refresh(AbstractApplicationContext.java:482)
	at org.springframework.context.support.ClassPathXmlApplicationContext.&lt;init&gt;(ClassPathXmlApplicationContext.java:139)
	at org.springframework.context.support.ClassPathXmlApplicationContext.&lt;init&gt;(ClassPathXmlApplicationContext.java:83)
	at TestUserDao.init(TestUserDao.java:17)
	at sun.reflect.NativeMethodAccessorImpl.invoke0(Native Method)
	at sun.reflect.NativeMethodAccessorImpl.invoke(NativeMethodAccessorImpl.java:57)
	at sun.reflect.DelegatingMethodAccessorImpl.invoke(DelegatingMethodAccessorImpl.java:43)
	at java.lang.reflect.Method.invoke(Method.java:601)
	at org.junit.runners.model.FrameworkMethod$1.runReflectiveCall(FrameworkMethod.java:47)
	at org.junit.internal.runners.model.ReflectiveCallable.run(ReflectiveCallable.java:12)
	at org.junit.runners.model.FrameworkMethod.invokeExplosively(FrameworkMethod.java:44)
	at org.junit.internal.runners.statements.RunBefores.evaluate(RunBefores.java:24)
	at org.junit.runners.ParentRunner.runLeaf(ParentRunner.java:271)
	at org.junit.runners.BlockJUnit4ClassRunner.runChild(BlockJUnit4ClassRunner.java:70)
	at org.junit.runners.BlockJUnit4ClassRunner.runChild(BlockJUnit4ClassRunner.java:50)
	at org.junit.runners.ParentRunner$3.run(ParentRunner.java:238)
	at org.junit.runners.ParentRunner$1.schedule(ParentRunner.java:63)
	at org.junit.runners.ParentRunner.runChildren(ParentRunner.java:236)
	at org.junit.runners.ParentRunner.access$000(ParentRunner.java:53)
	at org.junit.runners.ParentRunner$2.evaluate(ParentRunner.java:229)
	at org.junit.runners.ParentRunner.run(ParentRunner.java:309)
	at org.apache.maven.surefire.junit4.JUnit4Provider.execute(JUnit4Provider.java:252)
	at org.apache.maven.surefire.junit4.JUnit4Provider.executeTestSet(JUnit4Provider.java:141)
	at org.apache.maven.surefire.junit4.JUnit4Provider.invoke(JUnit4Provider.java:112)
	at sun.reflect.NativeMethodAccessorImpl.invoke0(Native Method)
	at sun.reflect.NativeMethodAccessorImpl.invoke(NativeMethodAccessorImpl.java:57)
	at sun.reflect.DelegatingMethodAccessorImpl.invoke(DelegatingMethodAccessorImpl.java:43)
	at java.lang.reflect.Method.invoke(Method.java:601)
	at org.apache.maven.surefire.util.ReflectionUtils.invokeMethodWithArray(ReflectionUtils.java:189)
	at org.apache.maven.surefire.booter.ProviderFactory$ProviderProxy.invoke(ProviderFactory.java:165)
	at org.apache.maven.surefire.booter.ProviderFactory.invokeProvider(ProviderFactory.java:85)
	at org.apache.maven.surefire.booter.ForkedBooter.runSuitesInProcess(ForkedBooter.java:115)
	at org.apache.maven.surefire.booter.ForkedBooter.main(ForkedBooter.java:75)
Caused by: org.springframework.beans.factory.BeanCreationException: Could not autowire method: public void com.lh.demo.swagger.ApiSwaggerConfig.setSpringSwaggerConfig(com.mangofactory.swagger.configuration.SpringSwaggerConfig); nested exception is org.springframework.beans.factory.BeanCreationException: Error creating bean with name &apos;com.mangofactory.swagger.configuration.SpringSwaggerConfig&apos;: Injection of autowired dependencies failed; nested exception is org.springframework.beans.factory.BeanCreationException: Could not autowire field: private javax.servlet.ServletContext com.mangofactory.swagger.configuration.SpringSwaggerConfig.servletContext; nested exception is org.springframework.beans.factory.NoSuchBeanDefinitionException: No qualifying bean of type [javax.servlet.ServletContext] found for dependency: expected at least 1 bean which qualifies as autowire candidate for this dependency. Dependency annotations: {@org.springframework.beans.factory.annotation.Autowired(required=true)}
	at org.springframework.beans.factory.annotation.AutowiredAnnotationBeanPostProcessor$AutowiredMethodElement.inject(AutowiredAnnotationBeanPostProcessor.java:596)
	at org.springframework.beans.factory.annotation.InjectionMetadata.inject(InjectionMetadata.java:87)
	at org.springframework.beans.factory.annotation.AutowiredAnnotationBeanPostProcessor.postProcessPropertyValues(AutowiredAnnotationBeanPostProcessor.java:289)
	... 42 more
Caused by: org.springframework.beans.factory.BeanCreationException: Error creating bean with name &apos;com.mangofactory.swagger.configuration.SpringSwaggerConfig&apos;: Injection of autowired dependencies failed; nested exception is org.springframework.beans.factory.BeanCreationException: Could not autowire field: private javax.servlet.ServletContext com.mangofactory.swagger.configuration.SpringSwaggerConfig.servletContext; nested exception is org.springframework.beans.factory.NoSuchBeanDefinitionException: No qualifying bean of type [javax.servlet.ServletContext] found for dependency: expected at least 1 bean which qualifies as autowire candidate for this dependency. Dependency annotations: {@org.springframework.beans.factory.annotation.Autowired(required=true)}
	at org.springframework.beans.factory.annotation.AutowiredAnnotationBeanPostProcessor.postProcessPropertyValues(AutowiredAnnotationBeanPostProcessor.java:292)
	at org.springframework.beans.factory.support.AbstractAutowireCapableBeanFactory.populateBean(AbstractAutowireCapableBeanFactory.java:1185)
	at org.springframework.beans.factory.support.AbstractAutowireCapableBeanFactory.doCreateBean(AbstractAutowireCapableBeanFactory.java:537)
	at org.springframework.beans.factory.support.AbstractAutowireCapableBeanFactory.createBean(AbstractAutowireCapableBeanFactory.java:475)
	at org.springframework.beans.factory.support.AbstractBeanFactory$1.getObject(AbstractBeanFactory.java:304)
	at org.springframework.beans.factory.support.DefaultSingletonBeanRegistry.getSingleton(DefaultSingletonBeanRegistry.java:228)
	at org.springframework.beans.factory.support.AbstractBeanFactory.doGetBean(AbstractBeanFactory.java:300)
	at org.springframework.beans.factory.support.AbstractBeanFactory.getBean(AbstractBeanFactory.java:195)
	at org.springframework.beans.factory.support.DefaultListableBeanFactory.findAutowireCandidates(DefaultListableBeanFactory.java:1014)
	at org.springframework.beans.factory.support.DefaultListableBeanFactory.doResolveDependency(DefaultListableBeanFactory.java:957)
	at org.springframework.beans.factory.support.DefaultListableBeanFactory.resolveDependency(DefaultListableBeanFactory.java:855)
	at org.springframework.beans.factory.annotation.AutowiredAnnotationBeanPostProcessor$AutowiredMethodElement.inject(AutowiredAnnotationBeanPostProcessor.java:553)
	... 44 more
Caused by: org.springframework.beans.factory.BeanCreationException: Could not autowire field: private javax.servlet.ServletContext com.mangofactory.swagger.configuration.SpringSwaggerConfig.servletContext; nested exception is org.springframework.beans.factory.NoSuchBeanDefinitionException: No qualifying bean of type [javax.servlet.ServletContext] found for dependency: expected at least 1 bean which qualifies as autowire candidate for this dependency. Dependency annotations: {@org.springframework.beans.factory.annotation.Autowired(required=true)}
	at org.springframework.beans.factory.annotation.AutowiredAnnotationBeanPostProcessor$AutowiredFieldElement.inject(AutowiredAnnotationBeanPostProcessor.java:508)
	at org.springframework.beans.factory.annotation.InjectionMetadata.inject(InjectionMetadata.java:87)
	at org.springframework.beans.factory.annotation.AutowiredAnnotationBeanPostProcessor.postProcessPropertyValues(AutowiredAnnotationBeanPostProcessor.java:289)
	... 55 more
Caused by: org.springframework.beans.factory.NoSuchBeanDefinitionException: No qualifying bean of type [javax.servlet.ServletContext] found for dependency: expected at least 1 bean which qualifies as autowire candidate for this dependency. Dependency annotations: {@org.springframework.beans.factory.annotation.Autowired(required=true)}
	at org.springframework.beans.factory.support.DefaultListableBeanFactory.raiseNoSuchBeanDefinitionException(DefaultListableBeanFactory.java:1100)
	at org.springframework.beans.factory.support.DefaultListableBeanFactory.doResolveDependency(DefaultListableBeanFactory.java:960)
	at org.springframework.beans.factory.support.DefaultListableBeanFactory.resolveDependency(DefaultListableBeanFactory.java:855)
	at org.springframework.beans.factory.annotation.AutowiredAnnotationBeanPostProcessor$AutowiredFieldElement.inject(AutowiredAnnotationBeanPostProcessor.java:480)
	... 57 more
</error>
    <system-out>[org.springframework.core.env.StandardEnvironment] - Adding [systemProperties] PropertySource with lowest search precedence
  [org.springframework.core.env.StandardEnvironment] - Adding [systemEnvironment] PropertySource with lowest search precedence
  [org.springframework.core.env.StandardEnvironment] - Initialized StandardEnvironment with PropertySources [systemProperties,systemEnvironment]
  [org.springframework.context.support.ClassPathXmlApplicationContext] - Refreshing org.springframework.context.support.ClassPathXmlApplicationContext@7892bd8: startup date [Thu Feb 01 18:26:00 CST 2018]; root of context hierarchy
  [org.springframework.core.env.StandardEnvironment] - Adding [systemProperties] PropertySource with lowest search precedence
  [org.springframework.core.env.StandardEnvironment] - Adding [systemEnvironment] PropertySource with lowest search precedence
  [org.springframework.core.env.StandardEnvironment] - Initialized StandardEnvironment with PropertySources [systemProperties,systemEnvironment]
  [org.springframework.beans.factory.xml.XmlBeanDefinitionReader] - Loading XML bean definitions from class path resource [spring-mybatis.xml]
  [org.springframework.beans.factory.xml.DefaultDocumentLoader] - Using JAXP provider [com.sun.org.apache.xerces.internal.jaxp.DocumentBuilderFactoryImpl]
  [org.springframework.beans.factory.xml.PluggableSchemaResolver] - Loading schema mappings from [META-INF/spring.schemas]
  [org.springframework.beans.factory.xml.PluggableSchemaResolver] - Loaded schema mappings: {http://www.springframework.org/schema/tx/spring-tx-2.5.xsd=org/springframework/transaction/config/spring-tx-2.5.xsd, http://www.springframework.org/schema/context/spring-context-3.1.xsd=org/springframework/context/config/spring-context-3.1.xsd, http://www.springframework.org/schema/util/spring-util-3.0.xsd=org/springframework/beans/factory/xml/spring-util-3.0.xsd, http://mybatis.org/schema/mybatis-spring-1.2.xsd=org/mybatis/spring/config/mybatis-spring-1.2.xsd, http://www.springframework.org/schema/aop/spring-aop-3.2.xsd=org/springframework/aop/config/spring-aop-3.2.xsd, http://www.springframework.org/schema/tool/spring-tool.xsd=org/springframework/beans/factory/xml/spring-tool-4.0.xsd, http://www.springframework.org/schema/context/spring-context-4.0.xsd=org/springframework/context/config/spring-context-4.0.xsd, http://www.springframework.org/schema/mvc/spring-mvc-3.2.xsd=org/springframework/web/servlet/config/spring-mvc-3.2.xsd, http://www.springframework.org/schema/oxm/spring-oxm-3.0.xsd=org/springframework/oxm/config/spring-oxm-3.0.xsd, http://www.springframework.org/schema/lang/spring-lang-3.2.xsd=org/springframework/scripting/config/spring-lang-3.2.xsd, http://www.springframework.org/schema/cache/spring-cache-3.2.xsd=org/springframework/cache/config/spring-cache-3.2.xsd, http://www.springframework.org/schema/jdbc/spring-jdbc-3.1.xsd=org/springframework/jdbc/config/spring-jdbc-3.1.xsd, http://www.springframework.org/schema/util/spring-util-2.0.xsd=org/springframework/beans/factory/xml/spring-util-2.0.xsd, http://www.springframework.org/schema/tool/spring-tool-3.2.xsd=org/springframework/beans/factory/xml/spring-tool-3.2.xsd, http://www.springframework.org/schema/context/spring-context.xsd=org/springframework/context/config/spring-context-4.0.xsd, http://www.springframework.org/schema/aop/spring-aop-4.0.xsd=org/springframework/aop/config/spring-aop-4.0.xsd, http://www.springframework.org/schema/jee/spring-jee-3.2.xsd=org/springframework/ejb/config/spring-jee-3.2.xsd, http://www.springframework.org/schema/context/spring-context-3.0.xsd=org/springframework/context/config/spring-context-3.0.xsd, http://www.springframework.org/schema/jdbc/spring-jdbc-4.0.xsd=org/springframework/jdbc/config/spring-jdbc-4.0.xsd, http://www.springframework.org/schema/util/spring-util-2.5.xsd=org/springframework/beans/factory/xml/spring-util-2.5.xsd, http://www.springframework.org/schema/mvc/spring-mvc-4.0.xsd=org/springframework/web/servlet/config/spring-mvc-4.0.xsd, http://www.springframework.org/schema/beans/spring-beans-3.2.xsd=org/springframework/beans/factory/xml/spring-beans-3.2.xsd, http://www.springframework.org/schema/aop/spring-aop-3.1.xsd=org/springframework/aop/config/spring-aop-3.1.xsd, http://www.springframework.org/schema/lang/spring-lang-4.0.xsd=org/springframework/scripting/config/spring-lang-4.0.xsd, http://www.springframework.org/schema/mvc/spring-mvc.xsd=org/springframework/web/servlet/config/spring-mvc-4.0.xsd, http://www.springframework.org/schema/mvc/spring-mvc-3.1.xsd=org/springframework/web/servlet/config/spring-mvc-3.1.xsd, http://www.springframework.org/schema/tool/spring-tool-4.0.xsd=org/springframework/beans/factory/xml/spring-tool-4.0.xsd, http://www.springframework.org/schema/lang/spring-lang-3.1.xsd=org/springframework/scripting/config/spring-lang-3.1.xsd, http://www.springframework.org/schema/tx/spring-tx-3.2.xsd=org/springframework/transaction/config/spring-tx-3.2.xsd, http://www.springframework.org/schema/cache/spring-cache-3.1.xsd=org/springframework/cache/config/spring-cache-3.1.xsd, http://www.springframework.org/schema/jee/spring-jee-4.0.xsd=org/springframework/ejb/config/spring-jee-4.0.xsd, http://www.springframework.org/schema/jdbc/spring-jdbc-3.0.xsd=org/springframework/jdbc/config/spring-jdbc-3.0.xsd, http://www.springframework.org/schema/jdbc/spring-jdbc.xsd=org/springframework/jdbc/config/spring-jdbc-4.0.xsd, http://www.springframework.org/schema/tool/spring-tool-3.1.xsd=org/springframework/beans/factory/xml/spring-tool-3.1.xsd, http://www.springframework.org/schema/cache/spring-cache-4.0.xsd=org/springframework/cache/config/spring-cache-4.0.xsd, http://www.springframework.org/schema/jee/spring-jee-3.1.xsd=org/springframework/ejb/config/spring-jee-3.1.xsd, http://www.springframework.org/schema/task/spring-task-3.2.xsd=org/springframework/scheduling/config/spring-task-3.2.xsd, http://www.springframework.org/schema/beans/spring-beans-3.1.xsd=org/springframework/beans/factory/xml/spring-beans-3.1.xsd, http://www.springframework.org/schema/util/spring-util.xsd=org/springframework/beans/factory/xml/spring-util-4.0.xsd, http://www.springframework.org/schema/aop/spring-aop-3.0.xsd=org/springframework/aop/config/spring-aop-3.0.xsd, http://www.springframework.org/schema/mvc/spring-mvc-3.0.xsd=org/springframework/web/servlet/config/spring-mvc-3.0.xsd, http://www.springframework.org/schema/beans/spring-beans-4.0.xsd=org/springframework/beans/factory/xml/spring-beans-4.0.xsd, http://www.springframework.org/schema/beans/spring-beans.xsd=org/springframework/beans/factory/xml/spring-beans-4.0.xsd, http://mybatis.org/schema/mybatis-spring.xsd=org/mybatis/spring/config/mybatis-spring-1.2.xsd, http://www.springframework.org/schema/lang/spring-lang-3.0.xsd=org/springframework/scripting/config/spring-lang-3.0.xsd, http://www.springframework.org/schema/tx/spring-tx-3.1.xsd=org/springframework/transaction/config/spring-tx-3.1.xsd, http://www.springframework.org/schema/context/spring-context-2.5.xsd=org/springframework/context/config/spring-context-2.5.xsd, http://www.springframework.org/schema/task/spring-task-4.0.xsd=org/springframework/scheduling/config/spring-task-4.0.xsd, http://www.springframework.org/schema/tool/spring-tool-3.0.xsd=org/springframework/beans/factory/xml/spring-tool-3.0.xsd, http://www.springframework.org/schema/tx/spring-tx-4.0.xsd=org/springframework/transaction/config/spring-tx-4.0.xsd, http://www.springframework.org/schema/aop/spring-aop-2.0.xsd=org/springframework/aop/config/spring-aop-2.0.xsd, http://www.springframework.org/schema/jee/spring-jee-3.0.xsd=org/springframework/ejb/config/spring-jee-3.0.xsd, http://www.springframework.org/schema/task/spring-task-3.1.xsd=org/springframework/scheduling/config/spring-task-3.1.xsd, http://www.springframework.org/schema/beans/spring-beans-3.0.xsd=org/springframework/beans/factory/xml/spring-beans-3.0.xsd, http://www.springframework.org/schema/jee/spring-jee.xsd=org/springframework/ejb/config/spring-jee-4.0.xsd, http://www.springframework.org/schema/aop/spring-aop-2.5.xsd=org/springframework/aop/config/spring-aop-2.5.xsd, http://www.springframework.org/schema/lang/spring-lang-2.0.xsd=org/springframework/scripting/config/spring-lang-2.0.xsd, http://www.springframework.org/schema/oxm/spring-oxm.xsd=org/springframework/oxm/config/spring-oxm-4.0.xsd, http://www.springframework.org/schema/util/spring-util-3.2.xsd=org/springframework/beans/factory/xml/spring-util-3.2.xsd, http://www.springframework.org/schema/task/spring-task.xsd=org/springframework/scheduling/config/spring-task-4.0.xsd, http://www.springframework.org/schema/tool/spring-tool-2.0.xsd=org/springframework/beans/factory/xml/spring-tool-2.0.xsd, http://www.springframework.org/schema/tx/spring-tx-3.0.xsd=org/springframework/transaction/config/spring-tx-3.0.xsd, http://www.springframework.org/schema/lang/spring-lang-2.5.xsd=org/springframework/scripting/config/spring-lang-2.5.xsd, http://www.springframework.org/schema/jee/spring-jee-2.0.xsd=org/springframework/ejb/config/spring-jee-2.0.xsd, http://www.springframework.org/schema/oxm/spring-oxm-3.2.xsd=org/springframework/oxm/config/spring-oxm-3.2.xsd, http://www.springframework.org/schema/tool/spring-tool-2.5.xsd=org/springframework/beans/factory/xml/spring-tool-2.5.xsd, http://www.springframework.org/schema/jee/spring-jee-2.5.xsd=org/springframework/ejb/config/spring-jee-2.5.xsd, http://www.springframework.org/schema/util/spring-util-4.0.xsd=org/springframework/beans/factory/xml/spring-util-4.0.xsd, http://www.springframework.org/schema/task/spring-task-3.0.xsd=org/springframework/scheduling/config/spring-task-3.0.xsd, http://www.springframework.org/schema/lang/spring-lang.xsd=org/springframework/scripting/config/spring-lang-4.0.xsd, http://www.springframework.org/schema/context/spring-context-3.2.xsd=org/springframework/context/config/spring-context-3.2.xsd, http://www.springframework.org/schema/util/spring-util-3.1.xsd=org/springframework/beans/factory/xml/spring-util-3.1.xsd, http://www.springframework.org/schema/beans/spring-beans-2.0.xsd=org/springframework/beans/factory/xml/spring-beans-2.0.xsd, http://www.springframework.org/schema/oxm/spring-oxm-4.0.xsd=org/springframework/oxm/config/spring-oxm-4.0.xsd, http://www.springframework.org/schema/cache/spring-cache.xsd=org/springframework/cache/config/spring-cache-4.0.xsd, http://www.springframework.org/schema/tx/spring-tx.xsd=org/springframework/transaction/config/spring-tx-4.0.xsd, http://www.springframework.org/schema/beans/spring-beans-2.5.xsd=org/springframework/beans/factory/xml/spring-beans-2.5.xsd, http://www.springframework.org/schema/oxm/spring-oxm-3.1.xsd=org/springframework/oxm/config/spring-oxm-3.1.xsd, http://www.springframework.org/schema/tx/spring-tx-2.0.xsd=org/springframework/transaction/config/spring-tx-2.0.xsd, http://www.springframework.org/schema/jdbc/spring-jdbc-3.2.xsd=org/springframework/jdbc/config/spring-jdbc-3.2.xsd, http://www.springframework.org/schema/aop/spring-aop.xsd=org/springframework/aop/config/spring-aop-4.0.xsd}
  [org.springframework.beans.factory.xml.PluggableSchemaResolver] - Found XML schema [http://www.springframework.org/schema/beans/spring-beans.xsd] in classpath: org/springframework/beans/factory/xml/spring-beans-4.0.xsd
  [org.springframework.beans.factory.xml.PluggableSchemaResolver] - Found XML schema [http://www.springframework.org/schema/context/spring-context.xsd] in classpath: org/springframework/context/config/spring-context-4.0.xsd
  [org.springframework.beans.factory.xml.PluggableSchemaResolver] - Found XML schema [http://www.springframework.org/schema/tool/spring-tool-4.0.xsd] in classpath: org/springframework/beans/factory/xml/spring-tool-4.0.xsd
  [org.springframework.beans.factory.xml.DefaultBeanDefinitionDocumentReader] - Loading bean definitions
  [org.springframework.beans.factory.xml.DefaultNamespaceHandlerResolver] - Loaded NamespaceHandler mappings: {http://www.springframework.org/schema/p=org.springframework.beans.factory.xml.SimplePropertyNamespaceHandler, http://www.springframework.org/schema/mvc=org.springframework.web.servlet.config.MvcNamespaceHandler, http://www.springframework.org/schema/util=org.springframework.beans.factory.xml.UtilNamespaceHandler, http://www.springframework.org/schema/jee=org.springframework.ejb.config.JeeNamespaceHandler, http://www.springframework.org/schema/aop=org.springframework.aop.config.AopNamespaceHandler, http://www.springframework.org/schema/jdbc=org.springframework.jdbc.config.JdbcNamespaceHandler, http://www.springframework.org/schema/oxm=org.springframework.oxm.config.OxmNamespaceHandler, http://www.springframework.org/schema/cache=org.springframework.cache.config.CacheNamespaceHandler, http://mybatis.org/schema/mybatis-spring=org.mybatis.spring.config.NamespaceHandler, http://www.springframework.org/schema/c=org.springframework.beans.factory.xml.SimpleConstructorNamespaceHandler, http://www.springframework.org/schema/tx=org.springframework.transaction.config.TxNamespaceHandler, http://www.springframework.org/schema/task=org.springframework.scheduling.config.TaskNamespaceHandler, http://www.springframework.org/schema/lang=org.springframework.scripting.config.LangNamespaceHandler, http://www.springframework.org/schema/context=org.springframework.context.config.ContextNamespaceHandler}
  [org.springframework.core.env.StandardEnvironment] - Adding [systemProperties] PropertySource with lowest search precedence
  [org.springframework.core.env.StandardEnvironment] - Adding [systemEnvironment] PropertySource with lowest search precedence
  [org.springframework.core.env.StandardEnvironment] - Initialized StandardEnvironment with PropertySources [systemProperties,systemEnvironment]
  [org.springframework.context.annotation.ClassPathBeanDefinitionScanner] - JSR-250 &apos;javax.annotation.ManagedBean&apos; found and supported for component scanning
  [org.springframework.context.annotation.ClassPathBeanDefinitionScanner] - JSR-330 &apos;javax.inject.Named&apos; annotation found and supported for component scanning
  [org.springframework.core.io.support.PathMatchingResourcePatternResolver] - Looking for matching resources in directory tree [D:\JetBrains\ssm-swagger\target\classes\com\lh\demo]
  [org.springframework.core.io.support.PathMatchingResourcePatternResolver] - Searching directory [D:\JetBrains\ssm-swagger\target\classes\com\lh\demo] for files matching pattern [D:/JetBrains/ssm-swagger/target/classes/com/lh/demo/**/*.class]
  [org.springframework.core.io.support.PathMatchingResourcePatternResolver] - Searching directory [D:\JetBrains\ssm-swagger\target\classes\com\lh\demo\controller] for files matching pattern [D:/JetBrains/ssm-swagger/target/classes/com/lh/demo/**/*.class]
  [org.springframework.core.io.support.PathMatchingResourcePatternResolver] - Searching directory [D:\JetBrains\ssm-swagger\target\classes\com\lh\demo\dao] for files matching pattern [D:/JetBrains/ssm-swagger/target/classes/com/lh/demo/**/*.class]
  [org.springframework.core.io.support.PathMatchingResourcePatternResolver] - Searching directory [D:\JetBrains\ssm-swagger\target\classes\com\lh\demo\entity] for files matching pattern [D:/JetBrains/ssm-swagger/target/classes/com/lh/demo/**/*.class]
  [org.springframework.core.io.support.PathMatchingResourcePatternResolver] - Searching directory [D:\JetBrains\ssm-swagger\target\classes\com\lh\demo\service] for files matching pattern [D:/JetBrains/ssm-swagger/target/classes/com/lh/demo/**/*.class]
  [org.springframework.core.io.support.PathMatchingResourcePatternResolver] - Searching directory [D:\JetBrains\ssm-swagger\target\classes\com\lh\demo\service\impl] for files matching pattern [D:/JetBrains/ssm-swagger/target/classes/com/lh/demo/**/*.class]
  [org.springframework.core.io.support.PathMatchingResourcePatternResolver] - Searching directory [D:\JetBrains\ssm-swagger\target\classes\com\lh\demo\swagger] for files matching pattern [D:/JetBrains/ssm-swagger/target/classes/com/lh/demo/**/*.class]
  [org.springframework.core.io.support.PathMatchingResourcePatternResolver] - Searching directory [D:\JetBrains\ssm-swagger\target\classes\com\lh\demo\utils] for files matching pattern [D:/JetBrains/ssm-swagger/target/classes/com/lh/demo/**/*.class]
  [org.springframework.core.io.support.PathMatchingResourcePatternResolver] - Resolved location pattern [classpath*:com/lh/demo/**/*.class] to resources [file [D:\JetBrains\ssm-swagger\target\classes\com\lh\demo\controller\UserController.class], file [D:\JetBrains\ssm-swagger\target\classes\com\lh\demo\dao\UserDao.class], file [D:\JetBrains\ssm-swagger\target\classes\com\lh\demo\entity\User.class], file [D:\JetBrains\ssm-swagger\target\classes\com\lh\demo\service\impl\UserServiceImpl.class], file [D:\JetBrains\ssm-swagger\target\classes\com\lh\demo\service\IUserService.class], file [D:\JetBrains\ssm-swagger\target\classes\com\lh\demo\swagger\ApiSwaggerConfig.class], file [D:\JetBrains\ssm-swagger\target\classes\com\lh\demo\utils\ResultUtil.class]]
  [org.springframework.context.annotation.ClassPathBeanDefinitionScanner] - Identified candidate component class: file [D:\JetBrains\ssm-swagger\target\classes\com\lh\demo\controller\UserController.class]
  [org.springframework.context.annotation.ClassPathBeanDefinitionScanner] - Identified candidate component class: file [D:\JetBrains\ssm-swagger\target\classes\com\lh\demo\service\impl\UserServiceImpl.class]
  [org.springframework.context.annotation.ClassPathBeanDefinitionScanner] - Identified candidate component class: file [D:\JetBrains\ssm-swagger\target\classes\com\lh\demo\swagger\ApiSwaggerConfig.class]
  [org.springframework.beans.factory.xml.BeanDefinitionParserDelegate] - Neither XML &apos;id&apos; nor &apos;name&apos; specified - using generated bean name [org.mybatis.spring.mapper.MapperScannerConfigurer#0]
  [org.springframework.beans.factory.xml.BeanDefinitionParserDelegate] - Neither XML &apos;id&apos; nor &apos;name&apos; specified - using generated bean name [org.springframework.jdbc.datasource.DataSourceTransactionManager#0]
  [org.springframework.beans.factory.xml.XmlBeanDefinitionReader] - Loaded 12 bean definitions from location pattern [classpath:spring-mybatis.xml]
  [org.springframework.context.support.ClassPathXmlApplicationContext] - Bean factory for org.springframework.context.support.ClassPathXmlApplicationContext@7892bd8: org.springframework.beans.factory.support.DefaultListableBeanFactory@6779ad95: defining beans [userController,userServiceImpl,apiSwaggerConfig,org.springframework.context.annotation.internalConfigurationAnnotationProcessor,org.springframework.context.annotation.internalAutowiredAnnotationProcessor,org.springframework.context.annotation.internalRequiredAnnotationProcessor,org.springframework.context.annotation.internalCommonAnnotationProcessor,placeholderConfigurer,dataSource,sqlSessionFactory,org.mybatis.spring.mapper.MapperScannerConfigurer#0,org.springframework.jdbc.datasource.DataSourceTransactionManager#0]; root of factory hierarchy
  [org.springframework.beans.factory.support.DefaultListableBeanFactory] - Creating shared instance of singleton bean &apos;org.springframework.context.annotation.internalConfigurationAnnotationProcessor&apos;
  [org.springframework.beans.factory.support.DefaultListableBeanFactory] - Creating instance of bean &apos;org.springframework.context.annotation.internalConfigurationAnnotationProcessor&apos;
  [org.springframework.beans.factory.support.DefaultListableBeanFactory] - Eagerly caching bean &apos;org.springframework.context.annotation.internalConfigurationAnnotationProcessor&apos; to allow for resolving potential circular references
  [org.springframework.beans.factory.support.DefaultListableBeanFactory] - Finished creating instance of bean &apos;org.springframework.context.annotation.internalConfigurationAnnotationProcessor&apos;
  [org.springframework.core.env.StandardEnvironment] - Adding [systemProperties] PropertySource with lowest search precedence
  [org.springframework.core.env.StandardEnvironment] - Adding [systemEnvironment] PropertySource with lowest search precedence
  [org.springframework.core.env.StandardEnvironment] - Initialized StandardEnvironment with PropertySources [systemProperties,systemEnvironment]
  [org.springframework.context.annotation.ClassPathBeanDefinitionScanner] - JSR-250 &apos;javax.annotation.ManagedBean&apos; found and supported for component scanning
  [org.springframework.context.annotation.ClassPathBeanDefinitionScanner] - JSR-330 &apos;javax.inject.Named&apos; annotation found and supported for component scanning
  [org.springframework.core.io.support.PathMatchingResourcePatternResolver] - Looking for matching resources in directory tree [D:\JetBrains\ssm-swagger\target\classes\com\lh\demo\controller]
  [org.springframework.core.io.support.PathMatchingResourcePatternResolver] - Searching directory [D:\JetBrains\ssm-swagger\target\classes\com\lh\demo\controller] for files matching pattern [D:/JetBrains/ssm-swagger/target/classes/com/lh/demo/controller/**/*.class]
  [org.springframework.core.io.support.PathMatchingResourcePatternResolver] - Resolved location pattern [classpath*:com/lh/demo/controller/**/*.class] to resources [file [D:\JetBrains\ssm-swagger\target\classes\com\lh\demo\controller\UserController.class]]
  [org.springframework.context.annotation.ClassPathBeanDefinitionScanner] - Identified candidate component class: file [D:\JetBrains\ssm-swagger\target\classes\com\lh\demo\controller\UserController.class]
  [org.springframework.core.env.StandardEnvironment] - Adding [systemProperties] PropertySource with lowest search precedence
  [org.springframework.core.env.StandardEnvironment] - Adding [systemEnvironment] PropertySource with lowest search precedence
  [org.springframework.core.env.StandardEnvironment] - Initialized StandardEnvironment with PropertySources [systemProperties,systemEnvironment]
  [org.springframework.context.annotation.ClassPathBeanDefinitionScanner] - JSR-250 &apos;javax.annotation.ManagedBean&apos; found and supported for component scanning
  [org.springframework.context.annotation.ClassPathBeanDefinitionScanner] - JSR-330 &apos;javax.inject.Named&apos; annotation found and supported for component scanning
  [org.springframework.core.io.support.PathMatchingResourcePatternResolver] - Looking for matching resources in jar file [file:/D:/m2/repository/repository/com/mangofactory/swagger-springmvc/1.0.2/swagger-springmvc-1.0.2.jar]
  [org.springframework.core.io.support.PathMatchingResourcePatternResolver] - Resolved location pattern [classpath*:com/mangofactory/swagger/controllers/**/*.class] to resources [URL [jar:file:/D:/m2/repository/repository/com/mangofactory/swagger-springmvc/1.0.2/swagger-springmvc-1.0.2.jar!/com/mangofactory/swagger/controllers/DefaultSwaggerController.class]]
  [org.springframework.context.annotation.ClassPathBeanDefinitionScanner] - Identified candidate component class: URL [jar:file:/D:/m2/repository/repository/com/mangofactory/swagger-springmvc/1.0.2/swagger-springmvc-1.0.2.jar!/com/mangofactory/swagger/controllers/DefaultSwaggerController.class]
  [org.springframework.core.env.StandardEnvironment] - Adding [systemProperties] PropertySource with lowest search precedence
  [org.springframework.core.env.StandardEnvironment] - Adding [systemEnvironment] PropertySource with lowest search precedence
  [org.springframework.core.env.StandardEnvironment] - Initialized StandardEnvironment with PropertySources [systemProperties,systemEnvironment]
  [org.springframework.context.annotation.ClassPathBeanDefinitionScanner] - JSR-250 &apos;javax.annotation.ManagedBean&apos; found and supported for component scanning
  [org.springframework.context.annotation.ClassPathBeanDefinitionScanner] - JSR-330 &apos;javax.inject.Named&apos; annotation found and supported for component scanning
  [org.springframework.core.io.support.PathMatchingResourcePatternResolver] - Looking for matching resources in jar file [file:/D:/m2/repository/repository/com/mangofactory/swagger-models/1.0.2/swagger-models-1.0.2.jar]
  [org.springframework.core.io.support.PathMatchingResourcePatternResolver] - Resolved location pattern [classpath*:com/mangofactory/swagger/models/**/*.class] to resources [URL [jar:file:/D:/m2/repository/repository/com/mangofactory/swagger-models/1.0.2/swagger-models-1.0.2.jar!/com/mangofactory/swagger/models/Annotations.class], URL [jar:file:/D:/m2/repository/repository/com/mangofactory/swagger-models/1.0.2/swagger-models-1.0.2.jar!/com/mangofactory/swagger/models/BeanPropertyNamingStrategy.class], URL [jar:file:/D:/m2/repository/repository/com/mangofactory/swagger-models/1.0.2/swagger-models-1.0.2.jar!/com/mangofactory/swagger/models/Collections.class], URL [jar:file:/D:/m2/repository/repository/com/mangofactory/swagger-models/1.0.2/swagger-models-1.0.2.jar!/com/mangofactory/swagger/models/DefaultGenericTypeNamingStrategy.class], URL [jar:file:/D:/m2/repository/repository/com/mangofactory/swagger-models/1.0.2/swagger-models-1.0.2.jar!/com/mangofactory/swagger/models/DefaultModelProvider.class], URL [jar:file:/D:/m2/repository/repository/com/mangofactory/swagger-models/1.0.2/swagger-models-1.0.2.jar!/com/mangofactory/swagger/models/Enums$1.class], URL [jar:file:/D:/m2/repository/repository/com/mangofactory/swagger-models/1.0.2/swagger-models-1.0.2.jar!/com/mangofactory/swagger/models/Enums$2.class], URL [jar:file:/D:/m2/repository/repository/com/mangofactory/swagger-models/1.0.2/swagger-models-1.0.2.jar!/com/mangofactory/swagger/models/Enums.class], URL [jar:file:/D:/m2/repository/repository/com/mangofactory/swagger-models/1.0.2/swagger-models-1.0.2.jar!/com/mangofactory/swagger/models/GenericTypeNamingStrategy.class], URL [jar:file:/D:/m2/repository/repository/com/mangofactory/swagger-models/1.0.2/swagger-models-1.0.2.jar!/com/mangofactory/swagger/models/ModelContext.class], URL [jar:file:/D:/m2/repository/repository/com/mangofactory/swagger-models/1.0.2/swagger-models-1.0.2.jar!/com/mangofactory/swagger/models/ModelDependencyProvider$1.class], URL [jar:file:/D:/m2/repository/repository/com/mangofactory/swagger-models/1.0.2/swagger-models-1.0.2.jar!/com/mangofactory/swagger/models/ModelDependencyProvider$2.class], URL [jar:file:/D:/m2/repository/repository/com/mangofactory/swagger-models/1.0.2/swagger-models-1.0.2.jar!/com/mangofactory/swagger/models/ModelDependencyProvider.class], URL [jar:file:/D:/m2/repository/repository/com/mangofactory/swagger-models/1.0.2/swagger-models-1.0.2.jar!/com/mangofactory/swagger/models/ModelProvider.class], URL [jar:file:/D:/m2/repository/repository/com/mangofactory/swagger-models/1.0.2/swagger-models-1.0.2.jar!/com/mangofactory/swagger/models/ObjectMapperBeanPropertyNamingStrategy.class], URL [jar:file:/D:/m2/repository/repository/com/mangofactory/swagger-models/1.0.2/swagger-models-1.0.2.jar!/com/mangofactory/swagger/models/ResolvedTypes.class], URL [jar:file:/D:/m2/repository/repository/com/mangofactory/swagger-models/1.0.2/swagger-models-1.0.2.jar!/com/mangofactory/swagger/models/Types.class], URL [jar:file:/D:/m2/repository/repository/com/mangofactory/swagger-models/1.0.2/swagger-models-1.0.2.jar!/com/mangofactory/swagger/models/alternates/Alternates.class], URL [jar:file:/D:/m2/repository/repository/com/mangofactory/swagger-models/1.0.2/swagger-models-1.0.2.jar!/com/mangofactory/swagger/models/alternates/AlternateTypeProvider$1.class], URL [jar:file:/D:/m2/repository/repository/com/mangofactory/swagger-models/1.0.2/swagger-models-1.0.2.jar!/com/mangofactory/swagger/models/alternates/AlternateTypeProvider.class], URL [jar:file:/D:/m2/repository/repository/com/mangofactory/swagger-models/1.0.2/swagger-models-1.0.2.jar!/com/mangofactory/swagger/models/alternates/AlternateTypeRule.class], URL [jar:file:/D:/m2/repository/repository/com/mangofactory/swagger-models/1.0.2/swagger-models-1.0.2.jar!/com/mangofactory/swagger/models/alternates/Entry.class], URL [jar:file:/D:/m2/repository/repository/com/mangofactory/swagger-models/1.0.2/swagger-models-1.0.2.jar!/com/mangofactory/swagger/models/alternates/WildcardType$1.class], URL [jar:file:/D:/m2/repository/repository/com/mangofactory/swagger-models/1.0.2/swagger-models-1.0.2.jar!/com/mangofactory/swagger/models/alternates/WildcardType.class], URL [jar:file:/D:/m2/repository/repository/com/mangofactory/swagger-models/1.0.2/swagger-models-1.0.2.jar!/com/mangofactory/swagger/models/configuration/SwaggerModelsConfiguration.class], URL [jar:file:/D:/m2/repository/repository/com/mangofactory/swagger-models/1.0.2/swagger-models-1.0.2.jar!/com/mangofactory/swagger/models/dto/AllowableListValues.class], URL [jar:file:/D:/m2/repository/repository/com/mangofactory/swagger-models/1.0.2/swagger-models-1.0.2.jar!/com/mangofactory/swagger/models/dto/AllowableRangeValues.class], URL [jar:file:/D:/m2/repository/repository/com/mangofactory/swagger-models/1.0.2/swagger-models-1.0.2.jar!/com/mangofactory/swagger/models/dto/AllowableValues.class], URL [jar:file:/D:/m2/repository/repository/com/mangofactory/swagger-models/1.0.2/swagger-models-1.0.2.jar!/com/mangofactory/swagger/models/dto/ApiDescription.class], URL [jar:file:/D:/m2/repository/repository/com/mangofactory/swagger-models/1.0.2/swagger-models-1.0.2.jar!/com/mangofactory/swagger/models/dto/ApiInfo.class], URL [jar:file:/D:/m2/repository/repository/com/mangofactory/swagger-models/1.0.2/swagger-models-1.0.2.jar!/com/mangofactory/swagger/models/dto/ApiKey.class], URL [jar:file:/D:/m2/repository/repository/com/mangofactory/swagger-models/1.0.2/swagger-models-1.0.2.jar!/com/mangofactory/swagger/models/dto/ApiListing.class], URL [jar:file:/D:/m2/repository/repository/com/mangofactory/swagger-models/1.0.2/swagger-models-1.0.2.jar!/com/mangofactory/swagger/models/dto/ApiListingReference.class], URL [jar:file:/D:/m2/repository/repository/com/mangofactory/swagger-models/1.0.2/swagger-models-1.0.2.jar!/com/mangofactory/swagger/models/dto/Authorization.class], URL [jar:file:/D:/m2/repository/repository/com/mangofactory/swagger-models/1.0.2/swagger-models-1.0.2.jar!/com/mangofactory/swagger/models/dto/AuthorizationCodeGrant.class], URL [jar:file:/D:/m2/repository/repository/com/mangofactory/swagger-models/1.0.2/swagger-models-1.0.2.jar!/com/mangofactory/swagger/models/dto/AuthorizationScope.class], URL [jar:file:/D:/m2/repository/repository/com/mangofactory/swagger-models/1.0.2/swagger-models-1.0.2.jar!/com/mangofactory/swagger/models/dto/AuthorizationType.class], URL [jar:file:/D:/m2/repository/repository/com/mangofactory/swagger-models/1.0.2/swagger-models-1.0.2.jar!/com/mangofactory/swagger/models/dto/BasicAuth.class], URL [jar:file:/D:/m2/repository/repository/com/mangofactory/swagger-models/1.0.2/swagger-models-1.0.2.jar!/com/mangofactory/swagger/models/dto/ContainerDataType.class], URL [jar:file:/D:/m2/repository/repository/com/mangofactory/swagger-models/1.0.2/swagger-models-1.0.2.jar!/com/mangofactory/swagger/models/dto/DataType.class], URL [jar:file:/D:/m2/repository/repository/com/mangofactory/swagger-models/1.0.2/swagger-models-1.0.2.jar!/com/mangofactory/swagger/models/dto/GrantType.class], URL [jar:file:/D:/m2/repository/repository/com/mangofactory/swagger-models/1.0.2/swagger-models-1.0.2.jar!/com/mangofactory/swagger/models/dto/ImplicitGrant.class], URL [jar:file:/D:/m2/repository/repository/com/mangofactory/swagger-models/1.0.2/swagger-models-1.0.2.jar!/com/mangofactory/swagger/models/dto/LoginEndpoint.class], URL [jar:file:/D:/m2/repository/repository/com/mangofactory/swagger-models/1.0.2/swagger-models-1.0.2.jar!/com/mangofactory/swagger/models/dto/Model.class], URL [jar:file:/D:/m2/repository/repository/com/mangofactory/swagger-models/1.0.2/swagger-models-1.0.2.jar!/com/mangofactory/swagger/models/dto/ModelProperty.class], URL [jar:file:/D:/m2/repository/repository/com/mangofactory/swagger-models/1.0.2/swagger-models-1.0.2.jar!/com/mangofactory/swagger/models/dto/ModelRef.class], URL [jar:file:/D:/m2/repository/repository/com/mangofactory/swagger-models/1.0.2/swagger-models-1.0.2.jar!/com/mangofactory/swagger/models/dto/OAuth.class], URL [jar:file:/D:/m2/repository/repository/com/mangofactory/swagger-models/1.0.2/swagger-models-1.0.2.jar!/com/mangofactory/swagger/models/dto/Operation$1.class], URL [jar:file:/D:/m2/repository/repository/com/mangofactory/swagger-models/1.0.2/swagger-models-1.0.2.jar!/com/mangofactory/swagger/models/dto/Operation$2.class], URL [jar:file:/D:/m2/repository/repository/com/mangofactory/swagger-models/1.0.2/swagger-models-1.0.2.jar!/com/mangofactory/swagger/models/dto/Operation.class], URL [jar:file:/D:/m2/repository/repository/com/mangofactory/swagger-models/1.0.2/swagger-models-1.0.2.jar!/com/mangofactory/swagger/models/dto/Parameter.class], URL [jar:file:/D:/m2/repository/repository/com/mangofactory/swagger-models/1.0.2/swagger-models-1.0.2.jar!/com/mangofactory/swagger/models/dto/PrimitiveDataType.class], URL [jar:file:/D:/m2/repository/repository/com/mangofactory/swagger-models/1.0.2/swagger-models-1.0.2.jar!/com/mangofactory/swagger/models/dto/PrimitiveFormatDataType.class], URL [jar:file:/D:/m2/repository/repository/com/mangofactory/swagger-models/1.0.2/swagger-models-1.0.2.jar!/com/mangofactory/swagger/models/dto/ReferenceDataType.class], URL [jar:file:/D:/m2/repository/repository/com/mangofactory/swagger-models/1.0.2/swagger-models-1.0.2.jar!/com/mangofactory/swagger/models/dto/ResourceListing.class], URL [jar:file:/D:/m2/repository/repository/com/mangofactory/swagger-models/1.0.2/swagger-models-1.0.2.jar!/com/mangofactory/swagger/models/dto/ResponseMessage.class], URL [jar:file:/D:/m2/repository/repository/com/mangofactory/swagger-models/1.0.2/swagger-models-1.0.2.jar!/com/mangofactory/swagger/models/dto/SwaggerDataType.class], URL [jar:file:/D:/m2/repository/repository/com/mangofactory/swagger-models/1.0.2/swagger-models-1.0.2.jar!/com/mangofactory/swagger/models/dto/TokenEndpoint.class], URL [jar:file:/D:/m2/repository/repository/com/mangofactory/swagger-models/1.0.2/swagger-models-1.0.2.jar!/com/mangofactory/swagger/models/dto/TokenRequestEndpoint.class], URL [jar:file:/D:/m2/repository/repository/com/mangofactory/swagger-models/1.0.2/swagger-models-1.0.2.jar!/com/mangofactory/swagger/models/dto/builder/ApiDescriptionBuilder.class], URL [jar:file:/D:/m2/repository/repository/com/mangofactory/swagger-models/1.0.2/swagger-models-1.0.2.jar!/com/mangofactory/swagger/models/dto/builder/ApiInfoBuilder.class], URL [jar:file:/D:/m2/repository/repository/com/mangofactory/swagger-models/1.0.2/swagger-models-1.0.2.jar!/com/mangofactory/swagger/models/dto/builder/ApiListingBuilder.class], URL [jar:file:/D:/m2/repository/repository/com/mangofactory/swagger-models/1.0.2/swagger-models-1.0.2.jar!/com/mangofactory/swagger/models/dto/builder/AuthorizationBuilder.class], URL [jar:file:/D:/m2/repository/repository/com/mangofactory/swagger-models/1.0.2/swagger-models-1.0.2.jar!/com/mangofactory/swagger/models/dto/builder/AuthorizationCodeGrantBuilder.class], URL [jar:file:/D:/m2/repository/repository/com/mangofactory/swagger-models/1.0.2/swagger-models-1.0.2.jar!/com/mangofactory/swagger/models/dto/builder/AuthorizationScopeBuilder.class], URL [jar:file:/D:/m2/repository/repository/com/mangofactory/swagger-models/1.0.2/swagger-models-1.0.2.jar!/com/mangofactory/swagger/models/dto/builder/ImplicitGrantBuilder.class], URL [jar:file:/D:/m2/repository/repository/com/mangofactory/swagger-models/1.0.2/swagger-models-1.0.2.jar!/com/mangofactory/swagger/models/dto/builder/LoginEndpointBuilder.class], URL [jar:file:/D:/m2/repository/repository/com/mangofactory/swagger-models/1.0.2/swagger-models-1.0.2.jar!/com/mangofactory/swagger/models/dto/builder/ModelBuilder.class], URL [jar:file:/D:/m2/repository/repository/com/mangofactory/swagger-models/1.0.2/swagger-models-1.0.2.jar!/com/mangofactory/swagger/models/dto/builder/ModelPropertyBuilder.class], URL [jar:file:/D:/m2/repository/repository/com/mangofactory/swagger-models/1.0.2/swagger-models-1.0.2.jar!/com/mangofactory/swagger/models/dto/builder/OAuthBuilder.class], URL [jar:file:/D:/m2/repository/repository/com/mangofactory/swagger-models/1.0.2/swagger-models-1.0.2.jar!/com/mangofactory/swagger/models/dto/builder/OperationBuilder.class], URL [jar:file:/D:/m2/repository/repository/com/mangofactory/swagger-models/1.0.2/swagger-models-1.0.2.jar!/com/mangofactory/swagger/models/dto/builder/ParameterBuilder.class], URL [jar:file:/D:/m2/repository/repository/com/mangofactory/swagger-models/1.0.2/swagger-models-1.0.2.jar!/com/mangofactory/swagger/models/dto/builder/ResourceListingBuilder.class], URL [jar:file:/D:/m2/repository/repository/com/mangofactory/swagger-models/1.0.2/swagger-models-1.0.2.jar!/com/mangofactory/swagger/models/dto/builder/ResponseMessageBuilder.class], URL [jar:file:/D:/m2/repository/repository/com/mangofactory/swagger-models/1.0.2/swagger-models-1.0.2.jar!/com/mangofactory/swagger/models/dto/builder/TokenEndpointBuilder.class], URL [jar:file:/D:/m2/repository/repository/com/mangofactory/swagger-models/1.0.2/swagger-models-1.0.2.jar!/com/mangofactory/swagger/models/dto/builder/TokenRequestEndpointBuilder.class], URL [jar:file:/D:/m2/repository/repository/com/mangofactory/swagger-models/1.0.2/swagger-models-1.0.2.jar!/com/mangofactory/swagger/models/dto/jackson/SwaggerJacksonModule$CustomizedSwaggerSerializer.class], URL [jar:file:/D:/m2/repository/repository/com/mangofactory/swagger-models/1.0.2/swagger-models-1.0.2.jar!/com/mangofactory/swagger/models/dto/jackson/SwaggerJacksonModule.class], URL [jar:file:/D:/m2/repository/repository/com/mangofactory/swagger-models/1.0.2/swagger-models-1.0.2.jar!/com/mangofactory/swagger/models/property/ApiModelProperties$1.class], URL [jar:file:/D:/m2/repository/repository/com/mangofactory/swagger-models/1.0.2/swagger-models-1.0.2.jar!/com/mangofactory/swagger/models/property/ApiModelProperties$2.class], URL [jar:file:/D:/m2/repository/repository/com/mangofactory/swagger-models/1.0.2/swagger-models-1.0.2.jar!/com/mangofactory/swagger/models/property/ApiModelProperties$3.class], URL [jar:file:/D:/m2/repository/repository/com/mangofactory/swagger-models/1.0.2/swagger-models-1.0.2.jar!/com/mangofactory/swagger/models/property/ApiModelProperties$4.class], URL [jar:file:/D:/m2/repository/repository/com/mangofactory/swagger-models/1.0.2/swagger-models-1.0.2.jar!/com/mangofactory/swagger/models/property/ApiModelProperties$5.class], URL [jar:file:/D:/m2/repository/repository/com/mangofactory/swagger-models/1.0.2/swagger-models-1.0.2.jar!/com/mangofactory/swagger/models/property/ApiModelProperties.class], URL [jar:file:/D:/m2/repository/repository/com/mangofactory/swagger-models/1.0.2/swagger-models-1.0.2.jar!/com/mangofactory/swagger/models/property/BaseModelProperty.class], URL [jar:file:/D:/m2/repository/repository/com/mangofactory/swagger-models/1.0.2/swagger-models-1.0.2.jar!/com/mangofactory/swagger/models/property/BeanPropertyDefinitions$1.class], URL [jar:file:/D:/m2/repository/repository/com/mangofactory/swagger-models/1.0.2/swagger-models-1.0.2.jar!/com/mangofactory/swagger/models/property/BeanPropertyDefinitions$2.class], URL [jar:file:/D:/m2/repository/repository/com/mangofactory/swagger-models/1.0.2/swagger-models-1.0.2.jar!/com/mangofactory/swagger/models/property/BeanPropertyDefinitions$3.class], URL [jar:file:/D:/m2/repository/repository/com/mangofactory/swagger-models/1.0.2/swagger-models-1.0.2.jar!/com/mangofactory/swagger/models/property/BeanPropertyDefinitions.class], URL [jar:file:/D:/m2/repository/repository/com/mangofactory/swagger-models/1.0.2/swagger-models-1.0.2.jar!/com/mangofactory/swagger/models/property/ModelProperty.class], URL [jar:file:/D:/m2/repository/repository/com/mangofactory/swagger-models/1.0.2/swagger-models-1.0.2.jar!/com/mangofactory/swagger/models/property/bean/Accessors.class], URL [jar:file:/D:/m2/repository/repository/com/mangofactory/swagger-models/1.0.2/swagger-models-1.0.2.jar!/com/mangofactory/swagger/models/property/bean/AccessorsProvider$1.class], URL [jar:file:/D:/m2/repository/repository/com/mangofactory/swagger-models/1.0.2/swagger-models-1.0.2.jar!/com/mangofactory/swagger/models/property/bean/AccessorsProvider.class], URL [jar:file:/D:/m2/repository/repository/com/mangofactory/swagger-models/1.0.2/swagger-models-1.0.2.jar!/com/mangofactory/swagger/models/property/bean/BeanModelProperty.class], URL [jar:file:/D:/m2/repository/repository/com/mangofactory/swagger-models/1.0.2/swagger-models-1.0.2.jar!/com/mangofactory/swagger/models/property/bean/BeanModelPropertyProvider$1.class], URL [jar:file:/D:/m2/repository/repository/com/mangofactory/swagger-models/1.0.2/swagger-models-1.0.2.jar!/com/mangofactory/swagger/models/property/bean/BeanModelPropertyProvider.class], URL [jar:file:/D:/m2/repository/repository/com/mangofactory/swagger-models/1.0.2/swagger-models-1.0.2.jar!/com/mangofactory/swagger/models/property/constructor/ConstructorModelPropertyProvider.class], URL [jar:file:/D:/m2/repository/repository/com/mangofactory/swagger-models/1.0.2/swagger-models-1.0.2.jar!/com/mangofactory/swagger/models/property/field/FieldModelProperty.class], URL [jar:file:/D:/m2/repository/repository/com/mangofactory/swagger-models/1.0.2/swagger-models-1.0.2.jar!/com/mangofactory/swagger/models/property/field/FieldModelPropertyProvider.class], URL [jar:file:/D:/m2/repository/repository/com/mangofactory/swagger-models/1.0.2/swagger-models-1.0.2.jar!/com/mangofactory/swagger/models/property/field/FieldProvider.class], URL [jar:file:/D:/m2/repository/repository/com/mangofactory/swagger-models/1.0.2/swagger-models-1.0.2.jar!/com/mangofactory/swagger/models/property/provider/DefaultModelPropertiesProvider$1.class], URL [jar:file:/D:/m2/repository/repository/com/mangofactory/swagger-models/1.0.2/swagger-models-1.0.2.jar!/com/mangofactory/swagger/models/property/provider/DefaultModelPropertiesProvider.class], URL [jar:file:/D:/m2/repository/repository/com/mangofactory/swagger-models/1.0.2/swagger-models-1.0.2.jar!/com/mangofactory/swagger/models/property/provider/ModelPropertiesProvider.class]]
  [org.springframework.context.annotation.ClassPathBeanDefinitionScanner] - Identified candidate component class: URL [jar:file:/D:/m2/repository/repository/com/mangofactory/swagger-models/1.0.2/swagger-models-1.0.2.jar!/com/mangofactory/swagger/models/DefaultModelProvider.class]
  [org.springframework.context.annotation.ClassPathBeanDefinitionScanner] - Identified candidate component class: URL [jar:file:/D:/m2/repository/repository/com/mangofactory/swagger-models/1.0.2/swagger-models-1.0.2.jar!/com/mangofactory/swagger/models/ModelDependencyProvider.class]
  [org.springframework.context.annotation.ClassPathBeanDefinitionScanner] - Identified candidate component class: URL [jar:file:/D:/m2/repository/repository/com/mangofactory/swagger-models/1.0.2/swagger-models-1.0.2.jar!/com/mangofactory/swagger/models/ObjectMapperBeanPropertyNamingStrategy.class]
  [org.springframework.context.annotation.ClassPathBeanDefinitionScanner] - Identified candidate component class: URL [jar:file:/D:/m2/repository/repository/com/mangofactory/swagger-models/1.0.2/swagger-models-1.0.2.jar!/com/mangofactory/swagger/models/property/bean/AccessorsProvider.class]
  [org.springframework.context.annotation.ClassPathBeanDefinitionScanner] - Identified candidate component class: URL [jar:file:/D:/m2/repository/repository/com/mangofactory/swagger-models/1.0.2/swagger-models-1.0.2.jar!/com/mangofactory/swagger/models/property/bean/BeanModelPropertyProvider.class]
  [org.springframework.context.annotation.ClassPathBeanDefinitionScanner] - Identified candidate component class: URL [jar:file:/D:/m2/repository/repository/com/mangofactory/swagger-models/1.0.2/swagger-models-1.0.2.jar!/com/mangofactory/swagger/models/property/constructor/ConstructorModelPropertyProvider.class]
  [org.springframework.context.annotation.ClassPathBeanDefinitionScanner] - Identified candidate component class: URL [jar:file:/D:/m2/repository/repository/com/mangofactory/swagger-models/1.0.2/swagger-models-1.0.2.jar!/com/mangofactory/swagger/models/property/field/FieldModelPropertyProvider.class]
  [org.springframework.context.annotation.ClassPathBeanDefinitionScanner] - Identified candidate component class: URL [jar:file:/D:/m2/repository/repository/com/mangofactory/swagger-models/1.0.2/swagger-models-1.0.2.jar!/com/mangofactory/swagger/models/property/field/FieldProvider.class]
  [org.springframework.context.annotation.ClassPathBeanDefinitionScanner] - Identified candidate component class: URL [jar:file:/D:/m2/repository/repository/com/mangofactory/swagger-models/1.0.2/swagger-models-1.0.2.jar!/com/mangofactory/swagger/models/property/provider/DefaultModelPropertiesProvider.class]
  [org.springframework.context.annotation.ConfigurationClassBeanDefinitionReader] - Registered bean definition for imported @Configuration class com.mangofactory.swagger.models.configuration.SwaggerModelsConfiguration
  [org.springframework.context.annotation.ConfigurationClassBeanDefinitionReader] - Registering bean definition for @Bean method com.mangofactory.swagger.models.configuration.SwaggerModelsConfiguration.typeResolver()
  [org.springframework.context.annotation.ConfigurationClassBeanDefinitionReader] - Registering bean definition for @Bean method com.mangofactory.swagger.models.configuration.SwaggerModelsConfiguration.defaultAlternateTypeProvider()
  [org.springframework.context.annotation.ConfigurationClassBeanDefinitionReader] - Registered bean definition for imported @Configuration class com.mangofactory.swagger.configuration.SpringSwaggerConfig
  [org.springframework.context.annotation.ConfigurationClassBeanDefinitionReader] - Registering bean definition for @Bean method com.mangofactory.swagger.configuration.SpringSwaggerConfig.swaggerRequestMappingHandlerMappings()
  [org.springframework.context.annotation.ConfigurationClassBeanDefinitionReader] - Registering bean definition for @Bean method com.mangofactory.swagger.configuration.SpringSwaggerConfig.defaultResourceGroupingStrategy()
  [org.springframework.context.annotation.ConfigurationClassBeanDefinitionReader] - Registering bean definition for @Bean method com.mangofactory.swagger.configuration.SpringSwaggerConfig.defaultExcludeAnnotations()
  [org.springframework.context.annotation.ConfigurationClassBeanDefinitionReader] - Registering bean definition for @Bean method com.mangofactory.swagger.configuration.SpringSwaggerConfig.defaultSwaggerPathProvider()
  [org.springframework.context.annotation.ConfigurationClassBeanDefinitionReader] - Registering bean definition for @Bean method com.mangofactory.swagger.configuration.SpringSwaggerConfig.swaggerCache()
  [org.springframework.context.annotation.ConfigurationClassBeanDefinitionReader] - Registering bean definition for @Bean method com.mangofactory.swagger.configuration.SpringSwaggerConfig.defaultIgnorableParameterTypes()
  [org.springframework.context.annotation.ConfigurationClassBeanDefinitionReader] - Registering bean definition for @Bean method com.mangofactory.swagger.configuration.SpringSwaggerConfig.defaultResponseMessages()
  [org.springframework.context.annotation.ConfigurationClassBeanDefinitionReader] - Registering bean definition for @Bean method com.mangofactory.swagger.configuration.SpringSwaggerConfig.swaggerPluginAdapter()
  [org.springframework.context.annotation.ConfigurationClassBeanDefinitionReader] - Registering bean definition for @Bean method com.mangofactory.swagger.configuration.SpringSwaggerConfig.jacksonSwaggerSupport()
  [org.springframework.context.annotation.ConfigurationClassBeanDefinitionReader] - Registered bean definition for imported @Configuration class org.springframework.web.servlet.config.annotation.DelegatingWebMvcConfiguration
  [org.springframework.context.annotation.ConfigurationClassBeanDefinitionReader] - Registering bean definition for @Bean method org.springframework.web.servlet.config.annotation.DelegatingWebMvcConfiguration.requestMappingHandlerMapping()
  [org.springframework.context.annotation.ConfigurationClassBeanDefinitionReader] - Registering bean definition for @Bean method org.springframework.web.servlet.config.annotation.DelegatingWebMvcConfiguration.mvcContentNegotiationManager()
  [org.springframework.context.annotation.ConfigurationClassBeanDefinitionReader] - Registering bean definition for @Bean method org.springframework.web.servlet.config.annotation.DelegatingWebMvcConfiguration.viewControllerHandlerMapping()
  [org.springframework.context.annotation.ConfigurationClassBeanDefinitionReader] - Registering bean definition for @Bean method org.springframework.web.servlet.config.annotation.DelegatingWebMvcConfiguration.beanNameHandlerMapping()
  [org.springframework.context.annotation.ConfigurationClassBeanDefinitionReader] - Registering bean definition for @Bean method org.springframework.web.servlet.config.annotation.DelegatingWebMvcConfiguration.resourceHandlerMapping()
  [org.springframework.context.annotation.ConfigurationClassBeanDefinitionReader] - Registering bean definition for @Bean method org.springframework.web.servlet.config.annotation.DelegatingWebMvcConfiguration.defaultServletHandlerMapping()
  [org.springframework.context.annotation.ConfigurationClassBeanDefinitionReader] - Registering bean definition for @Bean method org.springframework.web.servlet.config.annotation.DelegatingWebMvcConfiguration.requestMappingHandlerAdapter()
  [org.springframework.context.annotation.ConfigurationClassBeanDefinitionReader] - Registering bean definition for @Bean method org.springframework.web.servlet.config.annotation.DelegatingWebMvcConfiguration.mvcConversionService()
  [org.springframework.context.annotation.ConfigurationClassBeanDefinitionReader] - Registering bean definition for @Bean method org.springframework.web.servlet.config.annotation.DelegatingWebMvcConfiguration.mvcValidator()
  [org.springframework.context.annotation.ConfigurationClassBeanDefinitionReader] - Registering bean definition for @Bean method org.springframework.web.servlet.config.annotation.DelegatingWebMvcConfiguration.mvcUriComponentsContributor()
  [org.springframework.context.annotation.ConfigurationClassBeanDefinitionReader] - Registering bean definition for @Bean method org.springframework.web.servlet.config.annotation.DelegatingWebMvcConfiguration.httpRequestHandlerAdapter()
  [org.springframework.context.annotation.ConfigurationClassBeanDefinitionReader] - Registering bean definition for @Bean method org.springframework.web.servlet.config.annotation.DelegatingWebMvcConfiguration.simpleControllerHandlerAdapter()
  [org.springframework.context.annotation.ConfigurationClassBeanDefinitionReader] - Registering bean definition for @Bean method org.springframework.web.servlet.config.annotation.DelegatingWebMvcConfiguration.handlerExceptionResolver()
  [org.springframework.context.annotation.ConfigurationClassBeanDefinitionReader] - Registering bean definition for @Bean method com.lh.demo.swagger.ApiSwaggerConfig.customImplementation()
  [org.springframework.beans.factory.support.DefaultListableBeanFactory] - Creating shared instance of singleton bean &apos;org.mybatis.spring.mapper.MapperScannerConfigurer#0&apos;
  [org.springframework.beans.factory.support.DefaultListableBeanFactory] - Creating instance of bean &apos;org.mybatis.spring.mapper.MapperScannerConfigurer#0&apos;
  [org.springframework.beans.factory.support.DefaultListableBeanFactory] - Eagerly caching bean &apos;org.mybatis.spring.mapper.MapperScannerConfigurer#0&apos; to allow for resolving potential circular references
  [org.springframework.beans.factory.support.DefaultListableBeanFactory] - Invoking afterPropertiesSet() on bean with name &apos;org.mybatis.spring.mapper.MapperScannerConfigurer#0&apos;
  [org.springframework.beans.factory.support.DefaultListableBeanFactory] - Finished creating instance of bean &apos;org.mybatis.spring.mapper.MapperScannerConfigurer#0&apos;
  [org.springframework.core.env.StandardEnvironment] - Adding [systemProperties] PropertySource with lowest search precedence
  [org.springframework.core.env.StandardEnvironment] - Adding [systemEnvironment] PropertySource with lowest search precedence
  [org.springframework.core.env.StandardEnvironment] - Initialized StandardEnvironment with PropertySources [systemProperties,systemEnvironment]
  [org.springframework.core.io.support.PathMatchingResourcePatternResolver] - Looking for matching resources in directory tree [D:\JetBrains\ssm-swagger\target\classes\com\lh\demo\dao]
  [org.springframework.core.io.support.PathMatchingResourcePatternResolver] - Searching directory [D:\JetBrains\ssm-swagger\target\classes\com\lh\demo\dao] for files matching pattern [D:/JetBrains/ssm-swagger/target/classes/com/lh/demo/dao/**/*.class]
  [org.springframework.core.io.support.PathMatchingResourcePatternResolver] - Resolved location pattern [classpath*:com/lh/demo/dao/**/*.class] to resources [file [D:\JetBrains\ssm-swagger\target\classes\com\lh\demo\dao\UserDao.class]]
  [org.mybatis.spring.mapper.ClassPathMapperScanner] - Identified candidate component class: file [D:\JetBrains\ssm-swagger\target\classes\com\lh\demo\dao\UserDao.class]
  [org.mybatis.spring.mapper.ClassPathMapperScanner] - Creating MapperFactoryBean with name &apos;userDao&apos; and &apos;com.lh.demo.dao.UserDao&apos; mapperInterface
  [org.springframework.context.annotation.ConfigurationClassEnhancer] - Successfully enhanced com.lh.demo.swagger.ApiSwaggerConfig; enhanced class name is: com.lh.demo.swagger.ApiSwaggerConfig$$EnhancerBySpringCGLIB$$990514e2
  [org.springframework.context.annotation.ConfigurationClassPostProcessor] - Replacing bean definition &apos;apiSwaggerConfig&apos; existing class name &apos;com.lh.demo.swagger.ApiSwaggerConfig&apos; with enhanced class name &apos;com.lh.demo.swagger.ApiSwaggerConfig$$EnhancerBySpringCGLIB$$990514e2&apos;
  [org.springframework.context.annotation.ConfigurationClassEnhancer] - Successfully enhanced com.mangofactory.swagger.models.configuration.SwaggerModelsConfiguration; enhanced class name is: com.mangofactory.swagger.models.configuration.SwaggerModelsConfiguration$$EnhancerBySpringCGLIB$$88a9d7a7
  [org.springframework.context.annotation.ConfigurationClassPostProcessor] - Replacing bean definition &apos;com.mangofactory.swagger.models.configuration.SwaggerModelsConfiguration&apos; existing class name &apos;com.mangofactory.swagger.models.configuration.SwaggerModelsConfiguration&apos; with enhanced class name &apos;com.mangofactory.swagger.models.configuration.SwaggerModelsConfiguration$$EnhancerBySpringCGLIB$$88a9d7a7&apos;
  [org.springframework.context.annotation.ConfigurationClassEnhancer] - Successfully enhanced com.mangofactory.swagger.configuration.SpringSwaggerConfig; enhanced class name is: com.mangofactory.swagger.configuration.SpringSwaggerConfig$$EnhancerBySpringCGLIB$$a32b5ab0
  [org.springframework.context.annotation.ConfigurationClassPostProcessor] - Replacing bean definition &apos;com.mangofactory.swagger.configuration.SpringSwaggerConfig&apos; existing class name &apos;com.mangofactory.swagger.configuration.SpringSwaggerConfig&apos; with enhanced class name &apos;com.mangofactory.swagger.configuration.SpringSwaggerConfig$$EnhancerBySpringCGLIB$$a32b5ab0&apos;
  [org.springframework.context.annotation.ConfigurationClassEnhancer] - Successfully enhanced org.springframework.web.servlet.config.annotation.DelegatingWebMvcConfiguration; enhanced class name is: org.springframework.web.servlet.config.annotation.DelegatingWebMvcConfiguration$$EnhancerBySpringCGLIB$$9b555777
  [org.springframework.context.annotation.ConfigurationClassPostProcessor] - Replacing bean definition &apos;org.springframework.web.servlet.config.annotation.DelegatingWebMvcConfiguration&apos; existing class name &apos;org.springframework.web.servlet.config.annotation.DelegatingWebMvcConfiguration&apos; with enhanced class name &apos;org.springframework.web.servlet.config.annotation.DelegatingWebMvcConfiguration$$EnhancerBySpringCGLIB$$9b555777&apos;
  [org.springframework.beans.factory.support.DefaultListableBeanFactory] - Creating shared instance of singleton bean &apos;placeholderConfigurer&apos;
  [org.springframework.beans.factory.support.DefaultListableBeanFactory] - Creating instance of bean &apos;placeholderConfigurer&apos;
  [org.springframework.beans.factory.support.DefaultListableBeanFactory] - Eagerly caching bean &apos;placeholderConfigurer&apos; to allow for resolving potential circular references
  [org.springframework.beans.factory.support.DefaultListableBeanFactory] - Finished creating instance of bean &apos;placeholderConfigurer&apos;
  [org.springframework.beans.factory.config.PropertyPlaceholderConfigurer] - Loading properties file from class path resource [db.properties]
  [org.springframework.beans.factory.support.DefaultListableBeanFactory] - Creating shared instance of singleton bean &apos;org.springframework.context.annotation.internalAutowiredAnnotationProcessor&apos;
  [org.springframework.beans.factory.support.DefaultListableBeanFactory] - Creating instance of bean &apos;org.springframework.context.annotation.internalAutowiredAnnotationProcessor&apos;
  [org.springframework.beans.factory.annotation.AutowiredAnnotationBeanPostProcessor] - JSR-330 &apos;javax.inject.Inject&apos; annotation found and supported for autowiring
  [org.springframework.beans.factory.support.DefaultListableBeanFactory] - Eagerly caching bean &apos;org.springframework.context.annotation.internalAutowiredAnnotationProcessor&apos; to allow for resolving potential circular references
  [org.springframework.beans.factory.support.DefaultListableBeanFactory] - Finished creating instance of bean &apos;org.springframework.context.annotation.internalAutowiredAnnotationProcessor&apos;
  [org.springframework.beans.factory.support.DefaultListableBeanFactory] - Creating shared instance of singleton bean &apos;org.springframework.context.annotation.internalRequiredAnnotationProcessor&apos;
  [org.springframework.beans.factory.support.DefaultListableBeanFactory] - Creating instance of bean &apos;org.springframework.context.annotation.internalRequiredAnnotationProcessor&apos;
  [org.springframework.beans.factory.support.DefaultListableBeanFactory] - Eagerly caching bean &apos;org.springframework.context.annotation.internalRequiredAnnotationProcessor&apos; to allow for resolving potential circular references
  [org.springframework.beans.factory.support.DefaultListableBeanFactory] - Finished creating instance of bean &apos;org.springframework.context.annotation.internalRequiredAnnotationProcessor&apos;
  [org.springframework.beans.factory.support.DefaultListableBeanFactory] - Creating shared instance of singleton bean &apos;org.springframework.context.annotation.internalCommonAnnotationProcessor&apos;
  [org.springframework.beans.factory.support.DefaultListableBeanFactory] - Creating instance of bean &apos;org.springframework.context.annotation.internalCommonAnnotationProcessor&apos;
  [org.springframework.beans.factory.support.DefaultListableBeanFactory] - Eagerly caching bean &apos;org.springframework.context.annotation.internalCommonAnnotationProcessor&apos; to allow for resolving potential circular references
  [org.springframework.beans.factory.support.DefaultListableBeanFactory] - Finished creating instance of bean &apos;org.springframework.context.annotation.internalCommonAnnotationProcessor&apos;
  [org.springframework.beans.factory.support.DefaultListableBeanFactory] - Creating shared instance of singleton bean &apos;org.springframework.context.annotation.ConfigurationClassPostProcessor.importAwareProcessor&apos;
  [org.springframework.beans.factory.support.DefaultListableBeanFactory] - Creating instance of bean &apos;org.springframework.context.annotation.ConfigurationClassPostProcessor.importAwareProcessor&apos;
  [org.springframework.beans.factory.support.DefaultListableBeanFactory] - Eagerly caching bean &apos;org.springframework.context.annotation.ConfigurationClassPostProcessor.importAwareProcessor&apos; to allow for resolving potential circular references
  [org.springframework.beans.factory.support.DefaultListableBeanFactory] - Finished creating instance of bean &apos;org.springframework.context.annotation.ConfigurationClassPostProcessor.importAwareProcessor&apos;
  [org.springframework.beans.factory.support.DefaultListableBeanFactory] - Creating shared instance of singleton bean &apos;org.springframework.context.annotation.ConfigurationClassPostProcessor.enhancedConfigurationProcessor&apos;
  [org.springframework.beans.factory.support.DefaultListableBeanFactory] - Creating instance of bean &apos;org.springframework.context.annotation.ConfigurationClassPostProcessor.enhancedConfigurationProcessor&apos;
  [org.springframework.beans.factory.support.DefaultListableBeanFactory] - Eagerly caching bean &apos;org.springframework.context.annotation.ConfigurationClassPostProcessor.enhancedConfigurationProcessor&apos; to allow for resolving potential circular references
  [org.springframework.beans.factory.support.DefaultListableBeanFactory] - Finished creating instance of bean &apos;org.springframework.context.annotation.ConfigurationClassPostProcessor.enhancedConfigurationProcessor&apos;
  [org.springframework.context.support.ClassPathXmlApplicationContext] - Unable to locate MessageSource with name &apos;messageSource&apos;: using default [org.springframework.context.support.DelegatingMessageSource@74b374cb]
  [org.springframework.context.support.ClassPathXmlApplicationContext] - Unable to locate ApplicationEventMulticaster with name &apos;applicationEventMulticaster&apos;: using default [org.springframework.context.event.SimpleApplicationEventMulticaster@bfcbfa]
  [org.springframework.beans.factory.support.DefaultListableBeanFactory] - Pre-instantiating singletons in org.springframework.beans.factory.support.DefaultListableBeanFactory@6779ad95: defining beans [userController,userServiceImpl,apiSwaggerConfig,org.springframework.context.annotation.internalConfigurationAnnotationProcessor,org.springframework.context.annotation.internalAutowiredAnnotationProcessor,org.springframework.context.annotation.internalRequiredAnnotationProcessor,org.springframework.context.annotation.internalCommonAnnotationProcessor,placeholderConfigurer,dataSource,sqlSessionFactory,org.mybatis.spring.mapper.MapperScannerConfigurer#0,org.springframework.jdbc.datasource.DataSourceTransactionManager#0,org.springframework.context.annotation.ConfigurationClassPostProcessor.importAwareProcessor,org.springframework.context.annotation.ConfigurationClassPostProcessor.enhancedConfigurationProcessor,defaultSwaggerController,defaultModelProvider,modelDependencyProvider,objectMapperBeanPropertyNamingStrategy,accessorsProvider,beanModelPropertyProvider,constructorModelPropertyProvider,fieldModelPropertyProvider,fieldProvider,default,com.mangofactory.swagger.models.configuration.SwaggerModelsConfiguration,typeResolver,defaultAlternateTypeProvider,com.mangofactory.swagger.configuration.SpringSwaggerConfig,swaggerRequestMappingHandlerMappings,defaultResourceGroupingStrategy,defaultExcludeAnnotations,defaultSwaggerPathProvider,swaggerCache,defaultIgnorableParameterTypes,defaultResponseMessages,swaggerPluginAdapter,jacksonSwaggerSupport,org.springframework.web.servlet.config.annotation.DelegatingWebMvcConfiguration,requestMappingHandlerMapping,mvcContentNegotiationManager,viewControllerHandlerMapping,beanNameHandlerMapping,resourceHandlerMapping,defaultServletHandlerMapping,requestMappingHandlerAdapter,mvcConversionService,mvcValidator,mvcUriComponentsContributor,httpRequestHandlerAdapter,simpleControllerHandlerAdapter,handlerExceptionResolver,customImplementation,userDao]; root of factory hierarchy
  [org.springframework.beans.factory.support.DefaultListableBeanFactory] - Creating shared instance of singleton bean &apos;userController&apos;
  [org.springframework.beans.factory.support.DefaultListableBeanFactory] - Creating instance of bean &apos;userController&apos;
  [org.springframework.beans.factory.annotation.InjectionMetadata] - Registered injected element on class [com.lh.demo.controller.UserController]: AutowiredFieldElement for com.lh.demo.service.IUserService com.lh.demo.controller.UserController.userService
  [org.springframework.beans.factory.support.DefaultListableBeanFactory] - Eagerly caching bean &apos;userController&apos; to allow for resolving potential circular references
  [org.springframework.beans.factory.annotation.InjectionMetadata] - Processing injected method of bean &apos;userController&apos;: AutowiredFieldElement for com.lh.demo.service.IUserService com.lh.demo.controller.UserController.userService
  [org.apache.ibatis.logging.LogFactory] - Logging initialized using &apos;class org.apache.ibatis.logging.slf4j.Slf4jImpl&apos; adapter.
  [org.springframework.beans.factory.support.DefaultListableBeanFactory] - Creating shared instance of singleton bean &apos;userDao&apos;
  [org.springframework.beans.factory.support.DefaultListableBeanFactory] - Creating instance of bean &apos;userDao&apos;
  [org.springframework.beans.factory.support.DefaultListableBeanFactory] - Eagerly caching bean &apos;userDao&apos; to allow for resolving potential circular references
  [org.springframework.beans.factory.support.DefaultListableBeanFactory] - Creating shared instance of singleton bean &apos;sqlSessionFactory&apos;
  [org.springframework.beans.factory.support.DefaultListableBeanFactory] - Creating instance of bean &apos;sqlSessionFactory&apos;
  [org.springframework.beans.factory.support.DefaultListableBeanFactory] - Eagerly caching bean &apos;sqlSessionFactory&apos; to allow for resolving potential circular references
  [org.springframework.beans.factory.support.DefaultListableBeanFactory] - Creating shared instance of singleton bean &apos;dataSource&apos;
  [org.springframework.beans.factory.support.DefaultListableBeanFactory] - Creating instance of bean &apos;dataSource&apos;
  [org.springframework.beans.factory.support.DefaultListableBeanFactory] - Eagerly caching bean &apos;dataSource&apos; to allow for resolving potential circular references
  [org.springframework.beans.factory.support.DefaultListableBeanFactory] - Finished creating instance of bean &apos;dataSource&apos;
  [org.springframework.core.io.support.PathMatchingResourcePatternResolver] - Looking for matching resources in directory tree [D:\JetBrains\ssm-swagger\target\classes\mapper]
  [org.springframework.core.io.support.PathMatchingResourcePatternResolver] - Searching directory [D:\JetBrains\ssm-swagger\target\classes\mapper] for files matching pattern [D:/JetBrains/ssm-swagger/target/classes/mapper/*.xml]
  [org.springframework.core.io.support.PathMatchingResourcePatternResolver] - Resolved location pattern [classpath:mapper/*.xml] to resources [file [D:\JetBrains\ssm-swagger\target\classes\mapper\user.xml]]
  [org.springframework.beans.factory.support.DefaultListableBeanFactory] - Invoking afterPropertiesSet() on bean with name &apos;sqlSessionFactory&apos;
  [org.mybatis.spring.SqlSessionFactoryBean] - Property &apos;configLocation&apos; not specified, using default MyBatis Configuration
  [org.mybatis.spring.SqlSessionFactoryBean] - Parsed mapper file: &apos;file [D:\JetBrains\ssm-swagger\target\classes\mapper\user.xml]&apos;
  [org.springframework.beans.factory.support.DefaultListableBeanFactory] - Finished creating instance of bean &apos;sqlSessionFactory&apos;
  [org.springframework.beans.factory.support.DefaultListableBeanFactory] - Invoking afterPropertiesSet() on bean with name &apos;userDao&apos;
  [org.springframework.beans.factory.support.DefaultListableBeanFactory] - Finished creating instance of bean &apos;userDao&apos;
  [org.springframework.beans.factory.support.DefaultListableBeanFactory] - Creating shared instance of singleton bean &apos;userServiceImpl&apos;
  [org.springframework.beans.factory.support.DefaultListableBeanFactory] - Creating instance of bean &apos;userServiceImpl&apos;
  [org.springframework.beans.factory.annotation.InjectionMetadata] - Registered injected element on class [com.lh.demo.service.impl.UserServiceImpl]: AutowiredFieldElement for com.lh.demo.dao.UserDao com.lh.demo.service.impl.UserServiceImpl.userDao
  [org.springframework.beans.factory.support.DefaultListableBeanFactory] - Eagerly caching bean &apos;userServiceImpl&apos; to allow for resolving potential circular references
  [org.springframework.beans.factory.annotation.InjectionMetadata] - Processing injected method of bean &apos;userServiceImpl&apos;: AutowiredFieldElement for com.lh.demo.dao.UserDao com.lh.demo.service.impl.UserServiceImpl.userDao
  [org.springframework.beans.factory.support.DefaultListableBeanFactory] - Returning cached instance of singleton bean &apos;userDao&apos;
  [org.springframework.beans.factory.annotation.AutowiredAnnotationBeanPostProcessor] - Autowiring by type from bean name &apos;userServiceImpl&apos; to bean named &apos;userDao&apos;
  [org.springframework.beans.factory.support.DefaultListableBeanFactory] - Finished creating instance of bean &apos;userServiceImpl&apos;
  [org.springframework.beans.factory.annotation.AutowiredAnnotationBeanPostProcessor] - Autowiring by type from bean name &apos;userController&apos; to bean named &apos;userServiceImpl&apos;
  [org.springframework.beans.factory.support.DefaultListableBeanFactory] - Finished creating instance of bean &apos;userController&apos;
  [org.springframework.beans.factory.support.DefaultListableBeanFactory] - Returning cached instance of singleton bean &apos;userServiceImpl&apos;
  [org.springframework.beans.factory.support.DefaultListableBeanFactory] - Creating shared instance of singleton bean &apos;apiSwaggerConfig&apos;
  [org.springframework.beans.factory.support.DefaultListableBeanFactory] - Creating instance of bean &apos;apiSwaggerConfig&apos;
  [org.springframework.beans.factory.annotation.InjectionMetadata] - Registered injected element on class [com.lh.demo.swagger.ApiSwaggerConfig$$EnhancerBySpringCGLIB$$990514e2]: AutowiredMethodElement for public void com.lh.demo.swagger.ApiSwaggerConfig.setSpringSwaggerConfig(com.mangofactory.swagger.configuration.SpringSwaggerConfig)
  [org.springframework.beans.factory.support.DefaultListableBeanFactory] - Eagerly caching bean &apos;apiSwaggerConfig&apos; to allow for resolving potential circular references
  [org.springframework.beans.factory.annotation.InjectionMetadata] - Processing injected method of bean &apos;apiSwaggerConfig&apos;: AutowiredMethodElement for public void com.lh.demo.swagger.ApiSwaggerConfig.setSpringSwaggerConfig(com.mangofactory.swagger.configuration.SpringSwaggerConfig)
  [org.springframework.beans.factory.support.DefaultListableBeanFactory] - Creating shared instance of singleton bean &apos;com.mangofactory.swagger.configuration.SpringSwaggerConfig&apos;
  [org.springframework.beans.factory.support.DefaultListableBeanFactory] - Creating instance of bean &apos;com.mangofactory.swagger.configuration.SpringSwaggerConfig&apos;
  [org.springframework.beans.factory.annotation.InjectionMetadata] - Registered injected element on class [com.mangofactory.swagger.configuration.SpringSwaggerConfig$$EnhancerBySpringCGLIB$$a32b5ab0]: AutowiredFieldElement for private java.util.List com.mangofactory.swagger.configuration.SpringSwaggerConfig.handlerMappings
  [org.springframework.beans.factory.annotation.InjectionMetadata] - Registered injected element on class [com.mangofactory.swagger.configuration.SpringSwaggerConfig$$EnhancerBySpringCGLIB$$a32b5ab0]: AutowiredFieldElement for private javax.servlet.ServletContext com.mangofactory.swagger.configuration.SpringSwaggerConfig.servletContext
  [org.springframework.beans.factory.annotation.InjectionMetadata] - Registered injected element on class [com.mangofactory.swagger.configuration.SpringSwaggerConfig$$EnhancerBySpringCGLIB$$a32b5ab0]: AutowiredFieldElement for private com.mangofactory.swagger.models.ModelProvider com.mangofactory.swagger.configuration.SpringSwaggerConfig.modelProvider
  [org.springframework.beans.factory.annotation.InjectionMetadata] - Registered injected element on class [com.mangofactory.swagger.configuration.SpringSwaggerConfig$$EnhancerBySpringCGLIB$$a32b5ab0]: AutowiredFieldElement for private com.mangofactory.swagger.models.alternates.AlternateTypeProvider com.mangofactory.swagger.configuration.SpringSwaggerConfig.alternateTypeProvider
  [org.springframework.beans.factory.annotation.InjectionMetadata] - Registered injected element on class [com.mangofactory.swagger.configuration.SpringSwaggerConfig$$EnhancerBySpringCGLIB$$a32b5ab0]: AutowiredFieldElement for private com.fasterxml.classmate.TypeResolver com.mangofactory.swagger.configuration.SpringSwaggerConfig.typeResolver
  [org.springframework.beans.factory.support.DefaultListableBeanFactory] - Eagerly caching bean &apos;com.mangofactory.swagger.configuration.SpringSwaggerConfig&apos; to allow for resolving potential circular references
  [org.springframework.beans.factory.annotation.InjectionMetadata] - Processing injected method of bean &apos;com.mangofactory.swagger.configuration.SpringSwaggerConfig&apos;: AutowiredFieldElement for private java.util.List com.mangofactory.swagger.configuration.SpringSwaggerConfig.handlerMappings
  [org.springframework.beans.factory.support.DefaultListableBeanFactory] - Creating shared instance of singleton bean &apos;requestMappingHandlerMapping&apos;
  [org.springframework.beans.factory.support.DefaultListableBeanFactory] - Creating instance of bean &apos;requestMappingHandlerMapping&apos;
  [org.springframework.beans.factory.support.DefaultListableBeanFactory] - Creating shared instance of singleton bean &apos;org.springframework.web.servlet.config.annotation.DelegatingWebMvcConfiguration&apos;
  [org.springframework.beans.factory.support.DefaultListableBeanFactory] - Creating instance of bean &apos;org.springframework.web.servlet.config.annotation.DelegatingWebMvcConfiguration&apos;
  [org.springframework.beans.factory.annotation.InjectionMetadata] - Registered injected element on class [org.springframework.web.servlet.config.annotation.DelegatingWebMvcConfiguration$$EnhancerBySpringCGLIB$$9b555777]: AutowiredMethodElement for public void org.springframework.web.servlet.config.annotation.DelegatingWebMvcConfiguration.setConfigurers(java.util.List)
  [org.springframework.beans.factory.support.DefaultListableBeanFactory] - Eagerly caching bean &apos;org.springframework.web.servlet.config.annotation.DelegatingWebMvcConfiguration&apos; to allow for resolving potential circular references
  [org.springframework.beans.factory.annotation.InjectionMetadata] - Processing injected method of bean &apos;org.springframework.web.servlet.config.annotation.DelegatingWebMvcConfiguration&apos;: AutowiredMethodElement for public void org.springframework.web.servlet.config.annotation.DelegatingWebMvcConfiguration.setConfigurers(java.util.List)
  [org.springframework.beans.factory.support.DefaultListableBeanFactory] - Finished creating instance of bean &apos;org.springframework.web.servlet.config.annotation.DelegatingWebMvcConfiguration&apos;
  [org.springframework.beans.factory.support.DefaultListableBeanFactory] - Creating shared instance of singleton bean &apos;mvcConversionService&apos;
  [org.springframework.beans.factory.support.DefaultListableBeanFactory] - Creating instance of bean &apos;mvcConversionService&apos;
  [org.springframework.beans.factory.support.DefaultListableBeanFactory] - Returning cached instance of singleton bean &apos;org.springframework.web.servlet.config.annotation.DelegatingWebMvcConfiguration&apos;
  [org.springframework.beans.factory.support.DefaultListableBeanFactory] - Eagerly caching bean &apos;mvcConversionService&apos; to allow for resolving potential circular references
  [org.springframework.beans.factory.support.DefaultListableBeanFactory] - Finished creating instance of bean &apos;mvcConversionService&apos;
  [org.springframework.beans.factory.support.DefaultListableBeanFactory] - Creating shared instance of singleton bean &apos;mvcContentNegotiationManager&apos;
  [org.springframework.beans.factory.support.DefaultListableBeanFactory] - Creating instance of bean &apos;mvcContentNegotiationManager&apos;
  [org.springframework.beans.factory.support.DefaultListableBeanFactory] - Returning cached instance of singleton bean &apos;org.springframework.web.servlet.config.annotation.DelegatingWebMvcConfiguration&apos;
  [org.springframework.beans.factory.support.DefaultListableBeanFactory] - Eagerly caching bean &apos;mvcContentNegotiationManager&apos; to allow for resolving potential circular references
  [org.springframework.beans.factory.support.DefaultListableBeanFactory] - Finished creating instance of bean &apos;mvcContentNegotiationManager&apos;
  [org.springframework.beans.factory.support.DefaultListableBeanFactory] - Eagerly caching bean &apos;requestMappingHandlerMapping&apos; to allow for resolving potential circular references
  [org.springframework.beans.factory.support.DefaultListableBeanFactory] - Invoking afterPropertiesSet() on bean with name &apos;requestMappingHandlerMapping&apos;
  [org.springframework.web.servlet.mvc.method.annotation.RequestMappingHandlerMapping] - Looking for request mappings in application context: org.springframework.context.support.ClassPathXmlApplicationContext@7892bd8: startup date [Thu Feb 01 18:26:00 CST 2018]; root of context hierarchy
  [org.springframework.web.servlet.mvc.method.annotation.RequestMappingHandlerMapping] - Mapped &quot;{[/user/list],methods=[GET],params=[],headers=[],consumes=[],produces=[],custom=[]}&quot; onto public com.lh.demo.utils.ResultUtil com.lh.demo.controller.UserController.getUserInfo(javax.servlet.http.HttpServletRequest,org.springframework.ui.ModelMap,com.lh.demo.entity.User)
  [org.springframework.web.servlet.mvc.method.annotation.RequestMappingHandlerMapping] - Mapped &quot;{[/api-docs],methods=[GET],params=[],headers=[],consumes=[],produces=[],custom=[]}&quot; onto public org.springframework.http.ResponseEntity&lt;com.mangofactory.swagger.models.dto.ResourceListing&gt; com.mangofactory.swagger.controllers.DefaultSwaggerController.getResourceListing(java.lang.String)
  [org.springframework.web.servlet.mvc.method.annotation.RequestMappingHandlerMapping] - Mapped &quot;{[/api-docs/{swaggerGroup}/{apiDeclaration}],methods=[GET],params=[],headers=[],consumes=[],produces=[],custom=[]}&quot; onto public org.springframework.http.ResponseEntity&lt;com.mangofactory.swagger.models.dto.ApiListing&gt; com.mangofactory.swagger.controllers.DefaultSwaggerController.getApiListing(java.lang.String,java.lang.String)
  [org.springframework.beans.factory.support.DefaultListableBeanFactory] - Finished creating instance of bean &apos;requestMappingHandlerMapping&apos;
  [org.springframework.beans.factory.annotation.AutowiredAnnotationBeanPostProcessor] - Autowiring by type from bean name &apos;com.mangofactory.swagger.configuration.SpringSwaggerConfig&apos; to bean named &apos;requestMappingHandlerMapping&apos;
  [org.springframework.beans.factory.annotation.InjectionMetadata] - Processing injected method of bean &apos;com.mangofactory.swagger.configuration.SpringSwaggerConfig&apos;: AutowiredFieldElement for private javax.servlet.ServletContext com.mangofactory.swagger.configuration.SpringSwaggerConfig.servletContext
  [org.springframework.beans.factory.support.DefaultListableBeanFactory] - Destroying singletons in org.springframework.beans.factory.support.DefaultListableBeanFactory@6779ad95: defining beans [userController,userServiceImpl,apiSwaggerConfig,org.springframework.context.annotation.internalConfigurationAnnotationProcessor,org.springframework.context.annotation.internalAutowiredAnnotationProcessor,org.springframework.context.annotation.internalRequiredAnnotationProcessor,org.springframework.context.annotation.internalCommonAnnotationProcessor,placeholderConfigurer,dataSource,sqlSessionFactory,org.mybatis.spring.mapper.MapperScannerConfigurer#0,org.springframework.jdbc.datasource.DataSourceTransactionManager#0,org.springframework.context.annotation.ConfigurationClassPostProcessor.importAwareProcessor,org.springframework.context.annotation.ConfigurationClassPostProcessor.enhancedConfigurationProcessor,defaultSwaggerController,defaultModelProvider,modelDependencyProvider,objectMapperBeanPropertyNamingStrategy,accessorsProvider,beanModelPropertyProvider,constructorModelPropertyProvider,fieldModelPropertyProvider,fieldProvider,default,com.mangofactory.swagger.models.configuration.SwaggerModelsConfiguration,typeResolver,defaultAlternateTypeProvider,com.mangofactory.swagger.configuration.SpringSwaggerConfig,swaggerRequestMappingHandlerMappings,defaultResourceGroupingStrategy,defaultExcludeAnnotations,defaultSwaggerPathProvider,swaggerCache,defaultIgnorableParameterTypes,defaultResponseMessages,swaggerPluginAdapter,jacksonSwaggerSupport,org.springframework.web.servlet.config.annotation.DelegatingWebMvcConfiguration,requestMappingHandlerMapping,mvcContentNegotiationManager,viewControllerHandlerMapping,beanNameHandlerMapping,resourceHandlerMapping,defaultServletHandlerMapping,requestMappingHandlerAdapter,mvcConversionService,mvcValidator,mvcUriComponentsContributor,httpRequestHandlerAdapter,simpleControllerHandlerAdapter,handlerExceptionResolver,customImplementation,userDao]; root of factory hierarchy
  [org.springframework.beans.factory.support.DisposableBeanAdapter] - Invoking destroy() on bean with name &apos;org.springframework.web.servlet.config.annotation.DelegatingWebMvcConfiguration&apos;
  [org.springframework.beans.factory.support.DisposableBeanAdapter] - Invoking destroy method &apos;close&apos; on bean with name &apos;dataSource&apos;
  </system-out>
  </testcase>
</testsuite>